[handleMsg]:  {
  key: {
    remoteJid: '5492617064315@s.whatsapp.net',
    fromMe: false,
    id: '2D94E67E328ADD09154E1C8A9BF761A0',
    participant: undefined
  },
  messageTimestamp: 1709729289,
  pushName: 'Pi Real Estate',
  broadcast: false,
  messageStubType: 2,
  messageStubParameters: [ 'Invalid PreKey ID' ],
  verifiedBizName: 'Pi Real Estate',
  body: undefined,
  from: '5492617064315'
}
[handleMsg]:  {
  key: {
    remoteJid: '5492617064315@s.whatsapp.net',
    fromMe: false,
    id: '2D94E67E328ADD09154E1C8A9BF761A0',
    participant: undefined
  },
  messageTimestamp: 1709729291,
  pushName: 'Pi Real Estate',
  broadcast: false,
  verifiedBizName: 'Pi Real Estate',
  messageStubType: 2,
  messageStubParameters: [ 'Invalid PreKey ID' ],
  body: undefined,
  from: '5492617064315'
}
[handleMsg]:  {
  key: {
    remoteJid: '5492617064315@s.whatsapp.net',
    fromMe: false,
    id: '2D94E67E328ADD09154E1C8A9BF761A0',
    participant: undefined
  },
  messageTimestamp: 1709729291,
  pushName: 'Pi Real Estate',
  broadcast: false,
  verifiedBizName: 'Pi Real Estate',
  message: Message {
    conversation: 'Info',
    messageContextInfo: MessageContextInfo {
      deviceListMetadata: [DeviceListMetadata],
      deviceListMetadataVersion: 2
    }
  },
  body: 'Info',
  from: '5492617064315'
}
[QUEUE_SE_ENVIO]:  {
  ref: 'ans_c851e0e6-e18c-446a-bc2c-da2f1a124289',
  keyword: 'key_0c6ed66c-dff2-4404-9dd9-8516c033d111',
  answer: 'Contamos con una variedad de proyectos disruptivos y únicos tanto en _Mendoza, Argentina_ como en _Barcelona, España_.\n' +
    '\n' +
    'Seleccioná el proyecto por el cual estás interesado:\n' +
    '\n' +
    '*1) Anfitrión* - Edificio del vino 🍷\n' +
    '*2) Andro* - Edificio para solteros 🕺\n' +
    '*3) Distintxs* - Edificio LGBT+ 🏳️‍🌈\n' +
    '*4) Otros proyectos*',
  options: {
    media: null,
    buttons: [],
    capture: false,
    child: null,
    delay: 0,
    idle: null,
    ref: null,
    nested: [
      [Object], [Object],
      [Object], [Object],
      [Object], [Object],
      [Object], [Object]
    ],
    keyword: {},
    callback: false
  },
  refSerialize: '56f98fd92bbfb36cadc3fc811121df42'
}
