5492617064315:ENCOLADO ans_39fbb570-ebc4-4234-8bdf-4337ac5041bc
EJECUTANDO:ans_39fbb570-ebc4-4234-8bdf-4337ac5041bc
5492617064315:SUCCESS
5492617064315:ENCOLADO ans_e9b545c4-a77f-4451-8fbd-15baf83a736a
EJECUTANDO:ans_e9b545c4-a77f-4451-8fbd-15baf83a736a
5492617064315:SUCCESS
5492617064315:ENCOLADO ans_6a81f860-2678-4272-8e17-9dfc4a646870
EJECUTANDO:ans_6a81f860-2678-4272-8e17-9dfc4a646870
5492617064315:SUCCESS
5492617064315:ENCOLADO ans_5d2a387a-e6d7-4505-99a9-e0d0d5c4a3fd
EJECUTANDO:ans_5d2a387a-e6d7-4505-99a9-e0d0d5c4a3fd
5492617064315:SUCCESS
5492617064315:ENCOLADO ans_6adbee95-b178-401a-b0a2-de4a03f78bcf
EJECUTANDO:ans_6adbee95-b178-401a-b0a2-de4a03f78bcf
5492617064315:SUCCESS
5492617064315:ENCOLADO ans_65f09744-1fac-4325-ba9e-16d5e2e3e8c0
EJECUTANDO:ans_65f09744-1fac-4325-ba9e-16d5e2e3e8c0
5492617064315:SUCCESS
5492617064315:ENCOLADO ans_03f2bb26-3c80-4b62-adc5-92c63a906ad3
EJECUTANDO:ans_03f2bb26-3c80-4b62-adc5-92c63a906ad3
5492617064315:SUCCESS
5492617064315:ENCOLADO ans_c1e6ac70-6cfb-44fe-adbe-e6d85471f731
EJECUTANDO:ans_c1e6ac70-6cfb-44fe-adbe-e6d85471f731
5492617064315:SUCCESS
